[debug] [2023-12-08T22:16:18.555Z] ----------------------------------------------------------------------
[debug] [2023-12-08T22:16:18.558Z] Command:       /usr/local/Cellar/node/21.1.0/bin/node /usr/local/bin/firebase deploy
[debug] [2023-12-08T22:16:18.558Z] CLI Version:   12.9.1
[debug] [2023-12-08T22:16:18.558Z] Platform:      darwin
[debug] [2023-12-08T22:16:18.559Z] Node Version:  v21.1.0
[debug] [2023-12-08T22:16:18.559Z] Time:          Fri Dec 08 2023 14:16:18 GMT-0800 (Pacific Standard Time)
[debug] [2023-12-08T22:16:18.559Z] ----------------------------------------------------------------------
[debug] 
[debug] [2023-12-08T22:16:18.561Z] >>> [apiv2][query] GET https://firebase-public.firebaseio.com/cli.json [none]
[debug] [2023-12-08T22:16:18.636Z] > command requires scopes: ["email","openid","https://www.googleapis.com/auth/cloudplatformprojects.readonly","https://www.googleapis.com/auth/firebase","https://www.googleapis.com/auth/cloud-platform"]
[debug] [2023-12-08T22:16:18.636Z] > authorizing via signed-in user (0831zhuwanyi@gmail.com)
[debug] [2023-12-08T22:16:18.636Z] [iam] checking project snowgo-553c1 for permissions ["datastore.indexes.create","datastore.indexes.delete","datastore.indexes.list","datastore.indexes.update","firebase.projects.get","firebasehosting.sites.update","firebaserules.releases.create","firebaserules.releases.update","firebaserules.rulesets.create"]
[debug] [2023-12-08T22:16:18.637Z] > refreshing access token with scopes: []
[debug] [2023-12-08T22:16:18.638Z] >>> [apiv2][query] POST https://www.googleapis.com/oauth2/v3/token [none]
[debug] [2023-12-08T22:16:18.638Z] >>> [apiv2][body] POST https://www.googleapis.com/oauth2/v3/token [omitted]
[debug] [2023-12-08T22:16:18.986Z] <<< [apiv2][status] POST https://www.googleapis.com/oauth2/v3/token 200
[debug] [2023-12-08T22:16:18.987Z] <<< [apiv2][body] POST https://www.googleapis.com/oauth2/v3/token [omitted]
[debug] [2023-12-08T22:16:19.030Z] >>> [apiv2][query] POST https://cloudresourcemanager.googleapis.com/v1/projects/snowgo-553c1:testIamPermissions [none]
[debug] [2023-12-08T22:16:19.030Z] >>> [apiv2][(partial)header] POST https://cloudresourcemanager.googleapis.com/v1/projects/snowgo-553c1:testIamPermissions x-goog-quota-user=projects/snowgo-553c1
[debug] [2023-12-08T22:16:19.030Z] >>> [apiv2][body] POST https://cloudresourcemanager.googleapis.com/v1/projects/snowgo-553c1:testIamPermissions {"permissions":["datastore.indexes.create","datastore.indexes.delete","datastore.indexes.list","datastore.indexes.update","firebase.projects.get","firebasehosting.sites.update","firebaserules.releases.create","firebaserules.releases.update","firebaserules.rulesets.create"]}
[debug] [2023-12-08T22:16:19.033Z] <<< [apiv2][status] GET https://firebase-public.firebaseio.com/cli.json 200
[debug] [2023-12-08T22:16:19.033Z] <<< [apiv2][body] GET https://firebase-public.firebaseio.com/cli.json {"cloudBuildErrorAfter":1594252800000,"cloudBuildWarnAfter":1590019200000,"defaultNode10After":1594252800000,"minVersion":"3.0.5","node8DeploysDisabledAfter":1613390400000,"node8RuntimeDisabledAfter":1615809600000,"node8WarnAfter":1600128000000}
[debug] [2023-12-08T22:16:19.217Z] <<< [apiv2][status] POST https://cloudresourcemanager.googleapis.com/v1/projects/snowgo-553c1:testIamPermissions 200
[debug] [2023-12-08T22:16:19.217Z] <<< [apiv2][body] POST https://cloudresourcemanager.googleapis.com/v1/projects/snowgo-553c1:testIamPermissions {"permissions":["datastore.indexes.create","datastore.indexes.delete","datastore.indexes.list","datastore.indexes.update","firebase.projects.get","firebasehosting.sites.update","firebaserules.releases.create","firebaserules.releases.update","firebaserules.rulesets.create"]}
[debug] [2023-12-08T22:16:19.217Z] >>> [apiv2][query] GET https://firebase.googleapis.com/v1beta1/projects/snowgo-553c1 [none]
[debug] [2023-12-08T22:16:19.395Z] <<< [apiv2][status] GET https://firebase.googleapis.com/v1beta1/projects/snowgo-553c1 200
[debug] [2023-12-08T22:16:19.395Z] <<< [apiv2][body] GET https://firebase.googleapis.com/v1beta1/projects/snowgo-553c1 {"projectId":"snowgo-553c1","projectNumber":"929740227114","displayName":"SnowGO","name":"projects/snowgo-553c1","resources":{"hostingSite":"snowgo-553c1","storageBucket":"snowgo-553c1.appspot.com","locationId":"us-central"},"state":"ACTIVE","etag":"1_53f1421c-654f-4a0b-910f-9a31d7c9f638"}
[info] 
[info] === Deploying to 'snowgo-553c1'...
[info] 
[info] i  deploying storage, firestore, hosting 
[debug] [2023-12-08T22:16:19.398Z] >>> [apiv2][query] GET https://firebase.googleapis.com/v1beta1/projects/snowgo-553c1 [none]
[debug] [2023-12-08T22:16:19.558Z] <<< [apiv2][status] GET https://firebase.googleapis.com/v1beta1/projects/snowgo-553c1 200
[debug] [2023-12-08T22:16:19.558Z] <<< [apiv2][body] GET https://firebase.googleapis.com/v1beta1/projects/snowgo-553c1 {"projectId":"snowgo-553c1","projectNumber":"929740227114","displayName":"SnowGO","name":"projects/snowgo-553c1","resources":{"hostingSite":"snowgo-553c1","storageBucket":"snowgo-553c1.appspot.com","locationId":"us-central"},"state":"ACTIVE","etag":"1_53f1421c-654f-4a0b-910f-9a31d7c9f638"}
[info] i  firebase.storage: checking storage.rules for compilation errors... 
[debug] [2023-12-08T22:16:19.560Z] >>> [apiv2][query] POST https://firebaserules.googleapis.com/v1/projects/snowgo-553c1:test [none]
[debug] [2023-12-08T22:16:19.560Z] >>> [apiv2][body] POST https://firebaserules.googleapis.com/v1/projects/snowgo-553c1:test [omitted]
[debug] [2023-12-08T22:16:20.024Z] <<< [apiv2][status] POST https://firebaserules.googleapis.com/v1/projects/snowgo-553c1:test 200
[debug] [2023-12-08T22:16:20.024Z] <<< [apiv2][body] POST https://firebaserules.googleapis.com/v1/projects/snowgo-553c1:test {}
[info] ✔  firebase.storage: rules file storage.rules compiled successfully 
[info] i  firestore: reading indexes from firestore.indexes.json... 
[info] i  cloud.firestore: checking firestore.rules for compilation errors... 
[debug] [2023-12-08T22:16:20.026Z] >>> [apiv2][query] POST https://firebaserules.googleapis.com/v1/projects/snowgo-553c1:test [none]
[debug] [2023-12-08T22:16:20.026Z] >>> [apiv2][body] POST https://firebaserules.googleapis.com/v1/projects/snowgo-553c1:test [omitted]
[debug] [2023-12-08T22:16:20.172Z] <<< [apiv2][status] POST https://firebaserules.googleapis.com/v1/projects/snowgo-553c1:test 200
[debug] [2023-12-08T22:16:20.172Z] <<< [apiv2][body] POST https://firebaserules.googleapis.com/v1/projects/snowgo-553c1:test {}
[info] ✔  cloud.firestore: rules file firestore.rules compiled successfully 
[debug] [2023-12-08T22:16:20.175Z] >>> [apiv2][query] POST https://firebasehosting.googleapis.com/v1beta1/projects/-/sites/snowgo-553c1/versions [none]
[debug] [2023-12-08T22:16:20.175Z] >>> [apiv2][body] POST https://firebasehosting.googleapis.com/v1beta1/projects/-/sites/snowgo-553c1/versions {"status":"CREATED","labels":{"deployment-tool":"cli-firebase"}}
[debug] [2023-12-08T22:16:21.470Z] <<< [apiv2][status] POST https://firebasehosting.googleapis.com/v1beta1/projects/-/sites/snowgo-553c1/versions 200
[debug] [2023-12-08T22:16:21.470Z] <<< [apiv2][body] POST https://firebasehosting.googleapis.com/v1beta1/projects/-/sites/snowgo-553c1/versions {"name":"projects/929740227114/sites/snowgo-553c1/versions/3107ce43474d1472","status":"CREATED","config":{},"labels":{"deployment-tool":"cli-firebase"}}
[debug] [2023-12-08T22:16:21.472Z] >>> [apiv2][query] GET https://firebaserules.googleapis.com/v1/projects/snowgo-553c1/releases pageSize=10&pageToken=
[debug] [2023-12-08T22:16:21.763Z] <<< [apiv2][status] GET https://firebaserules.googleapis.com/v1/projects/snowgo-553c1/releases 200
[debug] [2023-12-08T22:16:21.763Z] <<< [apiv2][body] GET https://firebaserules.googleapis.com/v1/projects/snowgo-553c1/releases {"releases":[{"name":"projects/snowgo-553c1/releases/cloud.firestore","rulesetName":"projects/snowgo-553c1/rulesets/e3267e4d-633c-46fb-a10a-7359b044cd53","createTime":"2023-11-06T20:15:49.460832Z","updateTime":"2023-12-08T19:11:31.608678Z"},{"name":"projects/snowgo-553c1/releases/firebase.storage/snowgo-553c1.appspot.com","rulesetName":"projects/snowgo-553c1/rulesets/d348f808-d41f-4b71-a702-e4f669c31af3","createTime":"2023-11-25T01:19:52.690124Z","updateTime":"2023-12-08T19:11:31.444549Z"}]}
[debug] [2023-12-08T22:16:21.776Z] >>> [apiv2][query] GET https://firebaserules.googleapis.com/v1/projects/snowgo-553c1/rulesets/d348f808-d41f-4b71-a702-e4f669c31af3 [none]
[debug] [2023-12-08T22:16:22.121Z] <<< [apiv2][status] GET https://firebaserules.googleapis.com/v1/projects/snowgo-553c1/rulesets/d348f808-d41f-4b71-a702-e4f669c31af3 200
[debug] [2023-12-08T22:16:22.121Z] <<< [apiv2][body] GET https://firebaserules.googleapis.com/v1/projects/snowgo-553c1/rulesets/d348f808-d41f-4b71-a702-e4f669c31af3 [omitted]
[info] i  storage: latest version of storage.rules already up to date, skipping upload... 
[info] i  firestore: deploying indexes... 
[debug] [2023-12-08T22:16:22.124Z] >>> [apiv2][query] GET https://firebaserules.googleapis.com/v1/projects/snowgo-553c1/releases pageSize=10&pageToken=
[debug] [2023-12-08T22:16:22.124Z] >>> [apiv2][query] GET https://firestore.googleapis.com/v1/projects/snowgo-553c1/databases/(default)/collectionGroups/-/indexes [none]
[debug] [2023-12-08T22:16:22.404Z] <<< [apiv2][status] GET https://firebaserules.googleapis.com/v1/projects/snowgo-553c1/releases 200
[debug] [2023-12-08T22:16:22.405Z] <<< [apiv2][body] GET https://firebaserules.googleapis.com/v1/projects/snowgo-553c1/releases {"releases":[{"name":"projects/snowgo-553c1/releases/cloud.firestore","rulesetName":"projects/snowgo-553c1/rulesets/e3267e4d-633c-46fb-a10a-7359b044cd53","createTime":"2023-11-06T20:15:49.460832Z","updateTime":"2023-12-08T19:11:31.608678Z"},{"name":"projects/snowgo-553c1/releases/firebase.storage/snowgo-553c1.appspot.com","rulesetName":"projects/snowgo-553c1/rulesets/d348f808-d41f-4b71-a702-e4f669c31af3","createTime":"2023-11-25T01:19:52.690124Z","updateTime":"2023-12-08T19:11:31.444549Z"}]}
[debug] [2023-12-08T22:16:22.405Z] >>> [apiv2][query] GET https://firebaserules.googleapis.com/v1/projects/snowgo-553c1/rulesets/e3267e4d-633c-46fb-a10a-7359b044cd53 [none]
[debug] [2023-12-08T22:16:22.490Z] <<< [apiv2][status] GET https://firestore.googleapis.com/v1/projects/snowgo-553c1/databases/(default)/collectionGroups/-/indexes 200
[debug] [2023-12-08T22:16:22.490Z] <<< [apiv2][body] GET https://firestore.googleapis.com/v1/projects/snowgo-553c1/databases/(default)/collectionGroups/-/indexes {"indexes":[{"name":"projects/snowgo-553c1/databases/(default)/collectionGroups/photos/indexes/CICAgJim14AK","queryScope":"COLLECTION","fields":[{"fieldPath":"locationID","order":"ASCENDING"},{"fieldPath":"timestamp","order":"DESCENDING"},{"fieldPath":"__name__","order":"DESCENDING"}],"state":"READY"},{"name":"projects/snowgo-553c1/databases/(default)/collectionGroups/reviews/indexes/CICAgOjXh4EK","queryScope":"COLLECTION","fields":[{"fieldPath":"locationID","order":"ASCENDING"},{"fieldPath":"timestamp","order":"DESCENDING"},{"fieldPath":"__name__","order":"DESCENDING"}],"state":"READY"},{"name":"projects/snowgo-553c1/databases/(default)/collectionGroups/reviews/indexes/CICAgJiUpoMK","queryScope":"COLLECTION","fields":[{"fieldPath":"thislocationID","order":"ASCENDING"},{"fieldPath":"timestamp","order":"DESCENDING"},{"fieldPath":"__name__","order":"DESCENDING"}],"state":"READY"},{"name":"projects/snowgo-553c1/databases/(default)/collectionGroups/photos/indexes/CICAgJiUsZIK","queryScope":"COLLECTION","fields":[{"fieldPath":"locationID","order":"ASCENDING"},{"fieldPath":"last_updated","order":"DESCENDING"},{"fieldPath":"__name__","order":"DESCENDING"}],"state":"READY"}]}
[debug] [2023-12-08T22:16:22.490Z] >>> [apiv2][query] GET https://firestore.googleapis.com/v1/projects/snowgo-553c1/databases/(default)/collectionGroups/-/fields?filter=indexConfig.usesAncestorConfig=false OR ttlConfig:* [none]
[debug] [2023-12-08T22:16:22.642Z] <<< [apiv2][status] GET https://firestore.googleapis.com/v1/projects/snowgo-553c1/databases/(default)/collectionGroups/-/fields?filter=indexConfig.usesAncestorConfig=false OR ttlConfig:* 200
[debug] [2023-12-08T22:16:22.643Z] <<< [apiv2][body] GET https://firestore.googleapis.com/v1/projects/snowgo-553c1/databases/(default)/collectionGroups/-/fields?filter=indexConfig.usesAncestorConfig=false OR ttlConfig:* {"fields":[{"name":"projects/snowgo-553c1/databases/(default)/collectionGroups/__default__/fields/*","indexConfig":{"indexes":[{"queryScope":"COLLECTION","fields":[{"fieldPath":"*","order":"ASCENDING"}],"state":"READY"},{"queryScope":"COLLECTION","fields":[{"fieldPath":"*","order":"DESCENDING"}],"state":"READY"},{"queryScope":"COLLECTION","fields":[{"fieldPath":"*","arrayConfig":"CONTAINS"}],"state":"READY"}]}}]}
[info] i  firestore: The following indexes are defined in your project but are not present in your firestore indexes file:
	(photos) -- (locationID,ASCENDING) (timestamp,DESCENDING) 
	(photos) -- (locationID,ASCENDING) (last_updated,DESCENDING)  
[debug] [2023-12-08T22:16:22.680Z] <<< [apiv2][status] GET https://firebaserules.googleapis.com/v1/projects/snowgo-553c1/rulesets/e3267e4d-633c-46fb-a10a-7359b044cd53 200
[debug] [2023-12-08T22:16:22.680Z] <<< [apiv2][body] GET https://firebaserules.googleapis.com/v1/projects/snowgo-553c1/rulesets/e3267e4d-633c-46fb-a10a-7359b044cd53 [omitted]
[info] i  firestore: latest version of firestore.rules already up to date, skipping upload... 
